# JRE version: OpenJDK Runtime Environment (8.0_252-b09) (build 1.8.0_252-8u252-b09-1~18.04-b09)
# Java VM: OpenJDK 64-Bit Server VM (25.252-b09 mixed mode linux-amd64 compressed oops)
Heap:
 PSYoungGen      total 278016K, used 12776K [0x000000076e780000, 0x0000000780400000, 0x00000007c0000000)
  eden space 265216K, 0% used [0x000000076e780000,0x000000076e780000,0x000000077ea80000)
  from space 12800K, 99% used [0x000000077eb00000,0x000000077f77a1a0,0x000000077f780000)
  to   space 9728K, 0% used [0x000000077fa80000,0x000000077fa80000,0x0000000780400000)
 ParOldGen       total 121856K, used 16258K [0x00000006cb600000, 0x00000006d2d00000, 0x000000076e780000)
  object space 121856K, 13% used [0x00000006cb600000,0x00000006cc5e0818,0x00000006d2d00000)
 Metaspace       used 56028K, capacity 58912K, committed 59028K, reserved 1101824K
  class space    used 7053K, capacity 7322K, committed 7424K, reserved 1048576K
GC Heap History (10 events):
Event: 229.005 GC heap after
Heap after GC invocations=6 (full 1):
 PSYoungGen      total 133632K, used 10221K [0x000000076e780000, 0x0000000779580000, 0x00000007c0000000)
  eden space 123392K, 0% used [0x000000076e780000,0x000000076e780000,0x0000000776000000)
  from space 10240K, 99% used [0x0000000776000000,0x00000007769fb5a8,0x0000000776a00000)
  to   space 10752K, 0% used [0x0000000778b00000,0x0000000778b00000,0x0000000779580000)
 ParOldGen       total 94208K, used 5584K [0x00000006cb600000, 0x00000006d1200000, 0x000000076e780000)
  object space 94208K, 5% used [0x00000006cb600000,0x00000006cbb741c0,0x00000006d1200000)
 Metaspace       used 31933K, capacity 33246K, committed 33408K, reserved 1079296K
  class space    used 4207K, capacity 4411K, committed 4480K, reserved 1048576K
}
Event: 229.798 GC heap before
{Heap before GC invocations=7 (full 1):
 PSYoungGen      total 133632K, used 40223K [0x000000076e780000, 0x0000000779580000, 0x00000007c0000000)
  eden space 123392K, 24% used [0x000000076e780000,0x00000007704cca30,0x0000000776000000)
  from space 10240K, 99% used [0x0000000776000000,0x00000007769fb5a8,0x0000000776a00000)
  to   space 10752K, 0% used [0x0000000778b00000,0x0000000778b00000,0x0000000779580000)
 ParOldGen       total 94208K, used 5584K [0x00000006cb600000, 0x00000006d1200000, 0x000000076e780000)
  object space 94208K, 5% used [0x00000006cb600000,0x00000006cbb741c0,0x00000006d1200000)
 Metaspace       used 34017K, capacity 35318K, committed 35416K, reserved 1081344K
  class space    used 4428K, capacity 4607K, committed 4608K, reserved 1048576K
Event: 229.834 GC heap after
Heap after GC invocations=7 (full 1):
 PSYoungGen      total 167936K, used 7146K [0x000000076e780000, 0x000000077bf00000, 0x00000007c0000000)
  eden space 157184K, 0% used [0x000000076e780000,0x000000076e780000,0x0000000778100000)
  from space 10752K, 66% used [0x0000000778b00000,0x00000007791fa940,0x0000000779580000)
  to   space 10240K, 0% used [0x0000000778100000,0x0000000778100000,0x0000000778b00000)
 ParOldGen       total 94208K, used 5592K [0x00000006cb600000, 0x00000006d1200000, 0x000000076e780000)
  object space 94208K, 5% used [0x00000006cb600000,0x00000006cbb761c0,0x00000006d1200000)
 Metaspace       used 34017K, capacity 35318K, committed 35416K, reserved 1081344K
  class space    used 4428K, capacity 4607K, committed 4608K, reserved 1048576K
}
Event: 229.834 GC heap before
{Heap before GC invocations=8 (full 2):
 PSYoungGen      total 167936K, used 7146K [0x000000076e780000, 0x000000077bf00000, 0x00000007c0000000)
  eden space 157184K, 0% used [0x000000076e780000,0x000000076e780000,0x0000000778100000)
  from space 10752K, 66% used [0x0000000778b00000,0x00000007791fa940,0x0000000779580000)
  to   space 10240K, 0% used [0x0000000778100000,0x0000000778100000,0x0000000778b00000)
 ParOldGen       total 94208K, used 5592K [0x00000006cb600000, 0x00000006d1200000, 0x000000076e780000)
  object space 94208K, 5% used [0x00000006cb600000,0x00000006cbb761c0,0x00000006d1200000)
 Metaspace       used 34017K, capacity 35318K, committed 35416K, reserved 1081344K
  class space    used 4428K, capacity 4607K, committed 4608K, reserved 1048576K
Event: 229.968 GC heap after
Heap after GC invocations=8 (full 2):
 PSYoungGen      total 167936K, used 0K [0x000000076e780000, 0x000000077bf00000, 0x00000007c0000000)
  eden space 157184K, 0% used [0x000000076e780000,0x000000076e780000,0x0000000778100000)
  from space 10752K, 0% used [0x0000000778b00000,0x0000000778b00000,0x0000000779580000)
  to   space 10240K, 0% used [0x0000000778100000,0x0000000778100000,0x0000000778b00000)
 ParOldGen       total 121856K, used 11012K [0x00000006cb600000, 0x00000006d2d00000, 0x000000076e780000)
  object space 121856K, 9% used [0x00000006cb600000,0x00000006cc0c11f8,0x00000006d2d00000)
 Metaspace       used 34017K, capacity 35318K, committed 35416K, reserved 1081344K
  class space    used 4428K, capacity 4607K, committed 4608K, reserved 1048576K
}
Event: 233.023 GC heap before
{Heap before GC invocations=9 (full 2):
 PSYoungGen      total 167936K, used 157184K [0x000000076e780000, 0x000000077bf00000, 0x00000007c0000000)
  eden space 157184K, 100% used [0x000000076e780000,0x0000000778100000,0x0000000778100000)
  from space 10752K, 0% used [0x0000000778b00000,0x0000000778b00000,0x0000000779580000)
  to   space 10240K, 0% used [0x0000000778100000,0x0000000778100000,0x0000000778b00000)
 ParOldGen       total 121856K, used 11012K [0x00000006cb600000, 0x00000006d2d00000, 0x000000076e780000)
  object space 121856K, 9% used [0x00000006cb600000,0x00000006cc0c11f8,0x00000006d2d00000)
 Metaspace       used 41740K, capacity 43104K, committed 43392K, reserved 1087488K
  class space    used 5252K, capacity 5430K, committed 5504K, reserved 1048576K
Event: 233.060 GC heap after
Heap after GC invocations=9 (full 2):
 PSYoungGen      total 167424K, used 7721K [0x000000076e780000, 0x0000000780400000, 0x00000007c0000000)
  eden space 157184K, 0% used [0x000000076e780000,0x000000076e780000,0x0000000778100000)
  from space 10240K, 75% used [0x0000000778100000,0x000000077888a7c8,0x0000000778b00000)
  to   space 9728K, 0% used [0x000000077fa80000,0x000000077fa80000,0x0000000780400000)
 ParOldGen       total 121856K, used 11020K [0x00000006cb600000, 0x00000006d2d00000, 0x000000076e780000)
  object space 121856K, 9% used [0x00000006cb600000,0x00000006cc0c31f8,0x00000006d2d00000)
 Metaspace       used 41740K, capacity 43104K, committed 43392K, reserved 1087488K
  class space    used 5252K, capacity 5430K, committed 5504K, reserved 1048576K
}
Event: 237.800 GC heap before
{Heap before GC invocations=10 (full 2):
 PSYoungGen      total 167424K, used 164905K [0x000000076e780000, 0x0000000780400000, 0x00000007c0000000)
  eden space 157184K, 100% used [0x000000076e780000,0x0000000778100000,0x0000000778100000)
  from space 10240K, 75% used [0x0000000778100000,0x000000077888a7c8,0x0000000778b00000)
  to   space 9728K, 0% used [0x000000077fa80000,0x000000077fa80000,0x0000000780400000)
 ParOldGen       total 121856K, used 11020K [0x00000006cb600000, 0x00000006d2d00000, 0x000000076e780000)
  object space 121856K, 9% used [0x00000006cb600000,0x00000006cc0c31f8,0x00000006d2d00000)
 Metaspace       used 51108K, capacity 53692K, committed 53888K, reserved 1095680K
  class space    used 6464K, capacity 6689K, committed 6784K, reserved 1048576K
Event: 237.831 GC heap after
Heap after GC invocations=10 (full 2):
 PSYoungGen      total 274944K, used 9708K [0x000000076e780000, 0x0000000780400000, 0x00000007c0000000)
  eden space 265216K, 0% used [0x000000076e780000,0x000000076e780000,0x000000077ea80000)
  from space 9728K, 99% used [0x000000077fa80000,0x00000007803fb1c0,0x0000000780400000)
  to   space 12800K, 0% used [0x000000077eb00000,0x000000077eb00000,0x000000077f780000)
 ParOldGen       total 121856K, used 15277K [0x00000006cb600000, 0x00000006d2d00000, 0x000000076e780000)
  object space 121856K, 12% used [0x00000006cb600000,0x00000006cc4eb6b0,0x00000006d2d00000)
 Metaspace       used 51108K, capacity 53692K, committed 53888K, reserved 1095680K
  class space    used 6464K, capacity 6689K, committed 6784K, reserved 1048576K
}
Event: 239.388 GC heap before
{Heap before GC invocations=11 (full 2):
 PSYoungGen      total 274944K, used 102711K [0x000000076e780000, 0x0000000780400000, 0x00000007c0000000)
  eden space 265216K, 35% used [0x000000076e780000,0x0000000774252c58,0x000000077ea80000)
  from space 9728K, 99% used [0x000000077fa80000,0x00000007803fb1c0,0x0000000780400000)
  to   space 12800K, 0% used [0x000000077eb00000,0x000000077eb00000,0x000000077f780000)
 ParOldGen       total 121856K, used 15277K [0x00000006cb600000, 0x00000006d2d00000, 0x000000076e780000)
  object space 121856K, 12% used [0x00000006cb600000,0x00000006cc4eb6b0,0x00000006d2d00000)
 Metaspace       used 56028K, capacity 58912K, committed 59028K, reserved 1101824K
  class space    used 7053K, capacity 7322K, committed 7424K, reserved 1048576K

